<?xml version="1.0" encoding="UTF-8"?>
<!-- Generated by org.testng.reporters.JUnitXMLReporter -->
<testsuite ignored="0" hostname="harry-PC" failures="0" tests="4" name="Command line test" time="48.765" errors="0" timestamp="23 Sep 2020 15:17:53 GMT">
  <testcase classname="LoginTest" name="Login_Failure_IncorrectCredentials" time="6.859"/>
  <testcase classname="LoginTest" name="Login_Failure_InvalidEmail" time="7.509"/>
  <testcase classname="LoginTest" name="Login_Failure_InvalidPassword" time="7.953"/>
  <testcase classname="LoginTest" name="Login_Successful" time="8.403"/>
</testsuite> <!-- Command line test -->
