<?xml version="1.0" encoding="UTF-8"?>
<!-- Generated by org.testng.reporters.JUnitXMLReporter -->
<testsuite ignored="0" hostname="harry-PC" failures="0" tests="4" name="Command line test" time="32.138" errors="0" timestamp="28 Sep 2020 20:26:59 GMT">
  <testcase classname="LoginTest" name="Login_Failure_IncorrectCredentials" time="7.699"/>
  <testcase classname="LoginTest" name="Login_Failure_InvalidEmail" time="6.869"/>
  <testcase classname="LoginTest" name="Login_Failure_InvalidPassword" time="6.883"/>
  <testcase classname="LoginTest" name="Login_Successful" time="7.41"/>
</testsuite> <!-- Command line test -->
