<?xml version="1.0" encoding="UTF-8"?>
<testsuite xmlns:xsi="http://www.w3.org/2001/XMLSchema-instance" xsi:noNamespaceSchemaLocation="https://maven.apache.org/surefire/maven-surefire-plugin/xsd/surefire-test-report-3.0.xsd" version="3.0" name="TestSuite" time="33.542" tests="4" errors="0" skipped="0" failures="4">
  <properties>
[...]
</properties>
  <testcase name="Login_Failure_IncorrectCredentials" classname="LoginTest" time="8.409">
    <failure message="org/junit/Assert" type="java.lang.NoClassDefFoundError"><![CDATA[java.lang.NoClassDefFoundError: org/junit/Assert
	at LoginTest.Login_Failure_IncorrectCredentials(LoginTest.java:78)
Caused by: java.lang.ClassNotFoundException: org.junit.Assert
	at LoginTest.Login_Failure_IncorrectCredentials(LoginTest.java:78)
]]></failure>
    <system-err><![CDATA[Sep 28, 2020 10:26:57 PM org.openqa.selenium.remote.ProtocolHandshake createSession
INFO: Detected dialect: W3C
]]></system-err>
  </testcase>
  <testcase name="Login_Failure_InvalidEmail" classname="LoginTest" time="6.82">
    <failure message="org/junit/Assert" type="java.lang.NoClassDefFoundError"><![CDATA[java.lang.NoClassDefFoundError: org/junit/Assert
	at LoginTest.Login_Failure_InvalidEmail(LoginTest.java:42)
]]></failure>
    <system-err><![CDATA[Sep 28, 2020 10:27:06 PM org.openqa.selenium.remote.ProtocolHandshake createSession
INFO: Detected dialect: W3C
]]></system-err>
  </testcase>
  <testcase name="Login_Failure_InvalidPassword" classname="LoginTest" time="7.12">
    <failure message="org/junit/Assert" type="java.lang.NoClassDefFoundError"><![CDATA[java.lang.NoClassDefFoundError: org/junit/Assert
	at LoginTest.Login_Failure_InvalidPassword(LoginTest.java:60)
]]></failure>
    <system-err><![CDATA[Sep 28, 2020 10:27:13 PM org.openqa.selenium.remote.ProtocolHandshake createSession
INFO: Detected dialect: W3C
]]></system-err>
  </testcase>
  <testcase name="Login_Successful" classname="LoginTest" time="7.808">
    <failure message="org/junit/Assert" type="java.lang.NoClassDefFoundError"><![CDATA[java.lang.NoClassDefFoundError: org/junit/Assert
	at LoginTest.Login_Successful(LoginTest.java:24)
]]></failure>
    <system-err><![CDATA[Sep 28, 2020 10:27:21 PM org.openqa.selenium.remote.ProtocolHandshake createSession
INFO: Detected dialect: W3C
]]></system-err>
  </testcase>
</testsuite>