<?xml version="1.0" encoding="UTF-8" ?>
<testsuite tests="4" failures="0" name="TestSuite" time="30.727" errors="0" skipped="0">
  <properties>
[...]
</properties>
  <testcase classname="LoginTest" name="Login_Failure_IncorrectCredentials" time="6.861"/>
  <testcase classname="LoginTest" name="Login_Failure_InvalidEmail" time="7.509"/>
  <testcase classname="LoginTest" name="Login_Failure_InvalidPassword" time="7.954"/>
  <testcase classname="LoginTest" name="Login_Successful" time="8.403"/>
</testsuite>